15:01:55  INFO  manager.AppManager - Start in browser CHROME
15:02:03  INFO  TestBase - Start method -->dataContactNotValid
15:02:03  INFO  TestBase - Test Start with Data -->[Mona, Dow ,  , dow77@gmail.com, Haifa Herzel3, university friend]
15:02:03  INFO  TestBase - ==================================================================
15:02:03  INFO  application.MyListener - Start ind element by --->By.xpath: //button[.='Sign Out']
15:02:14  INFO  application.MyListener - The element --->By.xpath: //button[.='Sign Out']was found
15:02:14  INFO  application.MyListener - Start ind element by --->By.xpath: //a[.='LOGIN']
15:02:14  INFO  application.MyListener - The element --->By.xpath: //a[.='LOGIN']was found
15:02:14  INFO  application.MyListener - Start ind element by --->By.xpath: //input[@placeholder='Email']
15:02:14  INFO  application.MyListener - The element --->By.xpath: //input[@placeholder='Email']was found
15:02:14  INFO  application.MyListener - Start ind element by --->By.xpath: //input[@placeholder='Password']
15:02:14  INFO  application.MyListener - The element --->By.xpath: //input[@placeholder='Password']was found
15:02:14  INFO  application.MyListener - Start ind element by --->By.xpath: //button[.=' Login']
15:02:14  INFO  application.MyListener - The element --->By.xpath: //button[.=' Login']was found
15:02:16  INFO  application.MyListener - Start ind element by --->By.xpath: //a[.='ADD']
15:02:16  INFO  application.MyListener - The element --->By.xpath: //a[.='ADD']was found
15:02:16  INFO  application.MyListener - Start ind element by --->By.cssSelector: [placeholder='Name']
15:02:16  INFO  application.MyListener - The element --->By.cssSelector: [placeholder='Name']was found
15:02:16  INFO  application.MyListener - Start ind element by --->By.cssSelector: [placeholder='Last Name']
15:02:16  INFO  application.MyListener - The element --->By.cssSelector: [placeholder='Last Name']was found
15:02:17  INFO  application.MyListener - Start ind element by --->By.cssSelector: [placeholder='Phone']
15:02:17  INFO  application.MyListener - The element --->By.cssSelector: [placeholder='Phone']was found
15:02:17  INFO  application.MyListener - Start ind element by --->By.cssSelector: [placeholder='email']
15:02:17  INFO  application.MyListener - The element --->By.cssSelector: [placeholder='email']was found
15:02:17  INFO  application.MyListener - Start ind element by --->By.cssSelector: [placeholder='Address']
15:02:18  INFO  application.MyListener - The element --->By.cssSelector: [placeholder='Address']was found
15:02:18  INFO  application.MyListener - Start ind element by --->By.cssSelector: [placeholder='description']
15:02:18  INFO  application.MyListener - The element --->By.cssSelector: [placeholder='description']was found
15:02:19  INFO  application.MyListener - Start ind element by --->By.xpath: //button[.='Save']
15:02:19  INFO  application.MyListener - The element --->By.xpath: //button[.='Save']was found
15:02:19  INFO  application.MyListener - Start ind element by --->By.xpath: //h3
15:02:29  INFO  application.MyListener - The element --->By.xpath: //h3was found
15:02:29  INFO  TestBase - End of method -->dataContactNotValid
