14:02:55  INFO  manager.AppManager - Start in browser CHROME
14:03:11  INFO  TestBase - Start method -->smokeTest
14:03:11  INFO  TestBase - Test Start with Data -->[]
14:03:11  INFO  TestBase - ==================================================================
14:03:11  INFO  TestBase - End of method -->smokeTest
14:03:11  INFO  TestBase - Start method -->quickTest
14:03:11  INFO  TestBase - Test Start with Data -->[]
14:03:11  INFO  TestBase - ==================================================================
14:03:11  INFO  TestBase - End of method -->quickTest
14:03:11  INFO  TestBase - Start method -->loginTestPositive
14:03:11  INFO  TestBase - Test Start with Data -->[]
14:03:11  INFO  TestBase - ==================================================================
14:03:11  INFO  application.MyListener - Start ind element by --->By.xpath: //button[.='Sign Out']
14:03:22  INFO  application.MyListener - The element --->By.xpath: //button[.='Sign Out']was found
14:03:22  INFO  application.MyListener - Start ind element by --->By.xpath: //a[.='LOGIN']
14:03:22  INFO  application.MyListener - The element --->By.xpath: //a[.='LOGIN']was found
14:03:23  INFO  application.MyListener - Start ind element by --->By.xpath: //input[@placeholder='Email']
14:03:23  INFO  application.MyListener - The element --->By.xpath: //input[@placeholder='Email']was found
14:03:32  INFO  application.MyListener - Start ind element by --->By.xpath: //input[@placeholder='Password']
14:03:32  INFO  application.MyListener - The element --->By.xpath: //input[@placeholder='Password']was found
14:03:33  INFO  application.MyListener - Start ind element by --->By.xpath: //button[.=' Login']
14:03:34  INFO  application.MyListener - The element --->By.xpath: //button[.=' Login']was found
14:03:37  INFO  application.MyListener - Start ind element by --->By.xpath: //a[.='ADD']
14:03:53  INFO  application.MyListener - Screen ->>src/test/screenshots/screen -228.png
14:03:53  INFO  application.MyListener - no such element: Unable to locate element: {"method":"xpath","selector":"//a[.='ADD']"}
  (Session info: chrome=92.0.4515.159)
For documentation on this error, please visit: https://www.seleniumhq.org/exceptions/no_such_element.html
Build info: version: '3.141.59', revision: 'e82be7d358', time: '2018-11-14T08:17:03'
System info: host: 'ILYA-LAPTOP', ip: '192.168.56.1', os.name: 'Windows 7', os.arch: 'amd64', os.version: '6.1', java.version: '11.0.11'
Driver info: org.openqa.selenium.chrome.ChromeDriver
Capabilities {acceptInsecureCerts: false, browserName: chrome, browserVersion: 92.0.4515.159, chrome: {chromedriverVersion: 91.0.4472.101 (af52a90bf870..., userDataDir: C:\Users\ADMINI~1.ILY\AppDa...}, goog:chromeOptions: {debuggerAddress: localhost:56250}, javascriptEnabled: true, networkConnectionEnabled: false, pageLoadStrategy: normal, platform: WINDOWS, platformName: WINDOWS, proxy: Proxy(), setWindowRect: true, strictFileInteractability: false, timeouts: {implicit: 0, pageLoad: 300000, script: 30000}, unhandledPromptBehavior: dismiss and notify, webauthn:extension:largeBlob: true, webauthn:virtualAuthenticators: true}
Session ID: 8f5adb1bbb68546e8d95559a08f53ea6
*** Element info: {Using=xpath, value=//a[.='ADD']}
14:03:53  INFO  TestBase - End of method -->loginTestPositive
14:03:53  INFO  TestBase - Start method -->loginTestPositiveDto
14:03:53  INFO  TestBase - Test Start with Data -->[]
14:03:53  INFO  TestBase - ==================================================================
14:03:53  INFO  application.MyListener - Start ind element by --->By.xpath: //button[.='Sign Out']
14:03:53  INFO  application.MyListener - The element --->By.xpath: //button[.='Sign Out']was found
14:03:53  INFO  application.MyListener - Start ind element by --->By.xpath: //button[.='Sign Out']
14:03:53  INFO  application.MyListener - The element --->By.xpath: //button[.='Sign Out']was found
14:03:54  INFO  application.MyListener - Start ind element by --->By.xpath: //a[.='LOGIN']
14:03:54  INFO  application.MyListener - The element --->By.xpath: //a[.='LOGIN']was found
14:03:54  INFO  application.MyListener - Start ind element by --->By.xpath: //input[@placeholder='Email']
14:03:54  INFO  application.MyListener - The element --->By.xpath: //input[@placeholder='Email']was found
14:03:54  INFO  application.MyListener - Start ind element by --->By.xpath: //input[@placeholder='Password']
14:03:54  INFO  application.MyListener - The element --->By.xpath: //input[@placeholder='Password']was found
14:03:55  INFO  application.MyListener - Start ind element by --->By.xpath: //button[.=' Login']
14:03:55  INFO  application.MyListener - The element --->By.xpath: //button[.=' Login']was found
14:04:00  INFO  application.MyListener - Start ind element by --->By.xpath: //a[.='ADD']
14:04:00  INFO  application.MyListener - The element --->By.xpath: //a[.='ADD']was found
14:04:02  INFO  TestBase - Logged with email--->noa@gmail.comand with password--->Nnoa12345$
14:04:02  INFO  TestBase - End of method -->loginTestPositiveDto
14:04:02  INFO  TestBase - Start method -->loginTestWithWrongPassword
14:04:02  INFO  TestBase - Test Start with Data -->[]
14:04:02  INFO  TestBase - ==================================================================
14:04:02  INFO  application.MyListener - Start ind element by --->By.xpath: //button[.='Sign Out']
14:04:03  INFO  application.MyListener - The element --->By.xpath: //button[.='Sign Out']was found
14:04:03  INFO  application.MyListener - Start ind element by --->By.xpath: //button[.='Sign Out']
14:04:03  INFO  application.MyListener - The element --->By.xpath: //button[.='Sign Out']was found
14:04:03  INFO  application.MyListener - Start ind element by --->By.xpath: //a[.='LOGIN']
14:04:03  INFO  application.MyListener - The element --->By.xpath: //a[.='LOGIN']was found
14:04:03  INFO  application.MyListener - Start ind element by --->By.xpath: //input[@placeholder='Email']
14:04:04  INFO  application.MyListener - The element --->By.xpath: //input[@placeholder='Email']was found
14:04:04  INFO  application.MyListener - Start ind element by --->By.xpath: //input[@placeholder='Password']
14:04:04  INFO  application.MyListener - The element --->By.xpath: //input[@placeholder='Password']was found
14:04:05  INFO  application.MyListener - Start ind element by --->By.xpath: //button[.=' Login']
14:04:05  INFO  application.MyListener - The element --->By.xpath: //button[.=' Login']was found
14:04:09  INFO  application.MyListener - Start ind element by --->By.xpath: //button[.='Sign Out']
14:04:19  INFO  application.MyListener - The element --->By.xpath: //button[.='Sign Out']was found
14:04:19  INFO  TestBase - Wrong password : Nnoa12345
14:04:19  INFO  TestBase - End of method -->loginTestWithWrongPassword
14:04:19  INFO  TestBase - Start method -->loginTestDataProvider
14:04:19  INFO  TestBase - Test Start with Data -->[noa@gmail.com, Nnoa12345$]
14:04:19  INFO  TestBase - ==================================================================
14:04:19  INFO  application.MyListener - Start ind element by --->By.xpath: //button[.='Sign Out']
14:04:29  INFO  application.MyListener - The element --->By.xpath: //button[.='Sign Out']was found
14:04:29  INFO  application.MyListener - Start ind element by --->By.xpath: //a[.='LOGIN']
14:04:30  INFO  application.MyListener - The element --->By.xpath: //a[.='LOGIN']was found
14:04:30  INFO  application.MyListener - Start ind element by --->By.xpath: //input[@placeholder='Email']
14:04:30  INFO  application.MyListener - The element --->By.xpath: //input[@placeholder='Email']was found
14:04:32  INFO  application.MyListener - Start ind element by --->By.xpath: //input[@placeholder='Password']
14:04:32  INFO  application.MyListener - The element --->By.xpath: //input[@placeholder='Password']was found
14:04:32  INFO  application.MyListener - Start ind element by --->By.xpath: //button[.=' Login']
14:04:32  INFO  application.MyListener - The element --->By.xpath: //button[.=' Login']was found
14:04:35  INFO  application.MyListener - Start ind element by --->By.xpath: //a[.='ADD']
14:04:35  INFO  application.MyListener - The element --->By.xpath: //a[.='ADD']was found
14:04:36  INFO  TestBase - Logged with email--->noa@gmail.comand with password--->Nnoa12345$
14:04:36  INFO  TestBase - End of method -->loginTestDataProvider
14:04:36  INFO  TestBase - Start method -->loginTestDataProvider
14:04:36  INFO  TestBase - Test Start with Data -->[sonya@gmail.com, Ss12345$]
14:04:36  INFO  TestBase - ==================================================================
14:04:36  INFO  application.MyListener - Start ind element by --->By.xpath: //button[.='Sign Out']
14:04:36  INFO  application.MyListener - The element --->By.xpath: //button[.='Sign Out']was found
14:04:36  INFO  application.MyListener - Start ind element by --->By.xpath: //button[.='Sign Out']
14:04:36  INFO  application.MyListener - The element --->By.xpath: //button[.='Sign Out']was found
14:04:36  INFO  application.MyListener - Start ind element by --->By.xpath: //a[.='LOGIN']
14:04:36  INFO  application.MyListener - The element --->By.xpath: //a[.='LOGIN']was found
14:04:36  INFO  application.MyListener - Start ind element by --->By.xpath: //input[@placeholder='Email']
14:04:36  INFO  application.MyListener - The element --->By.xpath: //input[@placeholder='Email']was found
14:04:37  INFO  application.MyListener - Start ind element by --->By.xpath: //input[@placeholder='Password']
14:04:37  INFO  application.MyListener - The element --->By.xpath: //input[@placeholder='Password']was found
14:04:37  INFO  application.MyListener - Start ind element by --->By.xpath: //button[.=' Login']
14:04:37  INFO  application.MyListener - The element --->By.xpath: //button[.=' Login']was found
14:04:40  INFO  application.MyListener - Start ind element by --->By.xpath: //a[.='ADD']
14:04:40  INFO  application.MyListener - The element --->By.xpath: //a[.='ADD']was found
14:04:40  INFO  TestBase - Logged with email--->sonya@gmail.comand with password--->Ss12345$
14:04:40  INFO  TestBase - End of method -->loginTestDataProvider
14:04:40  INFO  TestBase - Start method -->loginTestDataProvider
14:04:40  INFO  TestBase - Test Start with Data -->[noa@gmail.com, Nnoa12345$]
14:04:40  INFO  TestBase - ==================================================================
14:04:40  INFO  application.MyListener - Start ind element by --->By.xpath: //button[.='Sign Out']
14:04:40  INFO  application.MyListener - The element --->By.xpath: //button[.='Sign Out']was found
14:04:40  INFO  application.MyListener - Start ind element by --->By.xpath: //button[.='Sign Out']
14:04:40  INFO  application.MyListener - The element --->By.xpath: //button[.='Sign Out']was found
14:04:41  INFO  application.MyListener - Start ind element by --->By.xpath: //a[.='LOGIN']
14:04:41  INFO  application.MyListener - The element --->By.xpath: //a[.='LOGIN']was found
14:04:41  INFO  application.MyListener - Start ind element by --->By.xpath: //input[@placeholder='Email']
14:04:41  INFO  application.MyListener - The element --->By.xpath: //input[@placeholder='Email']was found
14:04:41  INFO  application.MyListener - Start ind element by --->By.xpath: //input[@placeholder='Password']
14:04:41  INFO  application.MyListener - The element --->By.xpath: //input[@placeholder='Password']was found
14:04:41  INFO  application.MyListener - Start ind element by --->By.xpath: //button[.=' Login']
14:04:41  INFO  application.MyListener - The element --->By.xpath: //button[.=' Login']was found
14:04:45  INFO  application.MyListener - Start ind element by --->By.xpath: //a[.='ADD']
14:04:45  INFO  application.MyListener - The element --->By.xpath: //a[.='ADD']was found
14:04:45  INFO  TestBase - Logged with email--->noa@gmail.comand with password--->Nnoa12345$
14:04:45  INFO  TestBase - End of method -->loginTestDataProvider
14:04:45  INFO  TestBase - Start method -->loginTestDataProviderClass
14:04:45  INFO  TestBase - Test Start with Data -->[noa@gmail.com, Nnoa12345$]
14:04:45  INFO  TestBase - ==================================================================
14:04:45  INFO  application.MyListener - Start ind element by --->By.xpath: //button[.='Sign Out']
14:04:45  INFO  application.MyListener - The element --->By.xpath: //button[.='Sign Out']was found
14:04:45  INFO  application.MyListener - Start ind element by --->By.xpath: //button[.='Sign Out']
14:04:45  INFO  application.MyListener - The element --->By.xpath: //button[.='Sign Out']was found
14:04:45  INFO  application.MyListener - Start ind element by --->By.xpath: //a[.='LOGIN']
14:04:45  INFO  application.MyListener - The element --->By.xpath: //a[.='LOGIN']was found
14:04:45  INFO  application.MyListener - Start ind element by --->By.xpath: //input[@placeholder='Email']
14:04:45  INFO  application.MyListener - The element --->By.xpath: //input[@placeholder='Email']was found
14:04:45  INFO  application.MyListener - Start ind element by --->By.xpath: //input[@placeholder='Password']
14:04:45  INFO  application.MyListener - The element --->By.xpath: //input[@placeholder='Password']was found
14:04:46  INFO  application.MyListener - Start ind element by --->By.xpath: //button[.=' Login']
14:04:46  INFO  application.MyListener - The element --->By.xpath: //button[.=' Login']was found
14:04:49  INFO  application.MyListener - Start ind element by --->By.xpath: //a[.='ADD']
14:04:49  INFO  application.MyListener - The element --->By.xpath: //a[.='ADD']was found
14:04:49  INFO  TestBase - Logged with email--->noa@gmail.comand with password--->Nnoa12345$
14:04:49  INFO  TestBase - End of method -->loginTestDataProviderClass
14:04:49  INFO  TestBase - Start method -->loginTestDataProviderClass
14:04:49  INFO  TestBase - Test Start with Data -->[sonya@gmail.com, Ss12345$]
14:04:49  INFO  TestBase - ==================================================================
14:04:49  INFO  application.MyListener - Start ind element by --->By.xpath: //button[.='Sign Out']
14:04:49  INFO  application.MyListener - The element --->By.xpath: //button[.='Sign Out']was found
14:04:49  INFO  application.MyListener - Start ind element by --->By.xpath: //button[.='Sign Out']
14:04:49  INFO  application.MyListener - The element --->By.xpath: //button[.='Sign Out']was found
14:04:49  INFO  application.MyListener - Start ind element by --->By.xpath: //a[.='LOGIN']
14:04:49  INFO  application.MyListener - The element --->By.xpath: //a[.='LOGIN']was found
14:04:49  INFO  application.MyListener - Start ind element by --->By.xpath: //input[@placeholder='Email']
14:04:49  INFO  application.MyListener - The element --->By.xpath: //input[@placeholder='Email']was found
14:04:50  INFO  application.MyListener - Start ind element by --->By.xpath: //input[@placeholder='Password']
14:04:50  INFO  application.MyListener - The element --->By.xpath: //input[@placeholder='Password']was found
14:04:50  INFO  application.MyListener - Start ind element by --->By.xpath: //button[.=' Login']
14:04:50  INFO  application.MyListener - The element --->By.xpath: //button[.=' Login']was found
14:04:53  INFO  application.MyListener - Start ind element by --->By.xpath: //a[.='ADD']
14:04:53  INFO  application.MyListener - The element --->By.xpath: //a[.='ADD']was found
14:04:53  INFO  TestBase - Logged with email--->sonya@gmail.comand with password--->Ss12345$
14:04:53  INFO  TestBase - End of method -->loginTestDataProviderClass
14:04:53  INFO  TestBase - Start method -->loginTestDataProviderClass
14:04:53  INFO  TestBase - Test Start with Data -->[noa@gmail.com, Nnoa12345$]
14:04:53  INFO  TestBase - ==================================================================
14:04:53  INFO  application.MyListener - Start ind element by --->By.xpath: //button[.='Sign Out']
14:04:54  INFO  application.MyListener - The element --->By.xpath: //button[.='Sign Out']was found
14:04:54  INFO  application.MyListener - Start ind element by --->By.xpath: //button[.='Sign Out']
14:04:54  INFO  application.MyListener - The element --->By.xpath: //button[.='Sign Out']was found
14:04:54  INFO  application.MyListener - Start ind element by --->By.xpath: //a[.='LOGIN']
14:04:54  INFO  application.MyListener - The element --->By.xpath: //a[.='LOGIN']was found
14:04:54  INFO  application.MyListener - Start ind element by --->By.xpath: //input[@placeholder='Email']
14:04:54  INFO  application.MyListener - The element --->By.xpath: //input[@placeholder='Email']was found
14:04:54  INFO  application.MyListener - Start ind element by --->By.xpath: //input[@placeholder='Password']
14:04:54  INFO  application.MyListener - The element --->By.xpath: //input[@placeholder='Password']was found
14:04:55  INFO  application.MyListener - Start ind element by --->By.xpath: //button[.=' Login']
14:04:55  INFO  application.MyListener - The element --->By.xpath: //button[.=' Login']was found
14:04:58  INFO  application.MyListener - Start ind element by --->By.xpath: //a[.='ADD']
14:04:58  INFO  application.MyListener - The element --->By.xpath: //a[.='ADD']was found
14:04:58  INFO  TestBase - Logged with email--->noa@gmail.comand with password--->Nnoa12345$
14:04:58  INFO  TestBase - End of method -->loginTestDataProviderClass
14:04:58  INFO  TestBase - Start method -->loginTestDP_CSV
14:04:58  INFO  TestBase - Test Start with Data -->[User{email= 'noa@gmail.compassword='Nnoa12345$'}]
14:04:58  INFO  TestBase - ==================================================================
14:04:58  INFO  application.MyListener - Start ind element by --->By.xpath: //button[.='Sign Out']
14:04:58  INFO  application.MyListener - The element --->By.xpath: //button[.='Sign Out']was found
14:04:58  INFO  application.MyListener - Start ind element by --->By.xpath: //button[.='Sign Out']
14:04:58  INFO  application.MyListener - The element --->By.xpath: //button[.='Sign Out']was found
14:04:58  INFO  application.MyListener - Start ind element by --->By.xpath: //a[.='LOGIN']
14:04:58  INFO  application.MyListener - The element --->By.xpath: //a[.='LOGIN']was found
14:04:59  INFO  application.MyListener - Start ind element by --->By.xpath: //input[@placeholder='Email']
14:04:59  INFO  application.MyListener - The element --->By.xpath: //input[@placeholder='Email']was found
14:04:59  INFO  application.MyListener - Start ind element by --->By.xpath: //input[@placeholder='Password']
14:04:59  INFO  application.MyListener - The element --->By.xpath: //input[@placeholder='Password']was found
14:04:59  INFO  application.MyListener - Start ind element by --->By.xpath: //button[.=' Login']
14:04:59  INFO  application.MyListener - The element --->By.xpath: //button[.=' Login']was found
14:05:03  INFO  application.MyListener - Start ind element by --->By.xpath: //a[.='ADD']
14:05:03  INFO  application.MyListener - The element --->By.xpath: //a[.='ADD']was found
14:05:03  INFO  TestBase - End of method -->loginTestDP_CSV
14:05:03  INFO  TestBase - Start method -->loginTestDP_CSV
14:05:03  INFO  TestBase - Test Start with Data -->[User{email= 'noa@gmail.compassword='Nnoa12345$'}]
14:05:03  INFO  TestBase - ==================================================================
14:05:03  INFO  application.MyListener - Start ind element by --->By.xpath: //button[.='Sign Out']
14:05:03  INFO  application.MyListener - The element --->By.xpath: //button[.='Sign Out']was found
14:05:03  INFO  application.MyListener - Start ind element by --->By.xpath: //button[.='Sign Out']
14:05:03  INFO  application.MyListener - The element --->By.xpath: //button[.='Sign Out']was found
14:05:03  INFO  application.MyListener - Start ind element by --->By.xpath: //a[.='LOGIN']
14:05:03  INFO  application.MyListener - The element --->By.xpath: //a[.='LOGIN']was found
14:05:04  INFO  application.MyListener - Start ind element by --->By.xpath: //input[@placeholder='Email']
14:05:04  INFO  application.MyListener - The element --->By.xpath: //input[@placeholder='Email']was found
14:05:04  INFO  application.MyListener - Start ind element by --->By.xpath: //input[@placeholder='Password']
14:05:04  INFO  application.MyListener - The element --->By.xpath: //input[@placeholder='Password']was found
14:05:04  INFO  application.MyListener - Start ind element by --->By.xpath: //button[.=' Login']
14:05:04  INFO  application.MyListener - The element --->By.xpath: //button[.=' Login']was found
14:05:07  INFO  application.MyListener - Start ind element by --->By.xpath: //a[.='ADD']
14:05:07  INFO  application.MyListener - The element --->By.xpath: //a[.='ADD']was found
14:05:08  INFO  TestBase - End of method -->loginTestDP_CSV
14:05:08  INFO  TestBase - Start method -->loginTestDP_CSV
14:05:08  INFO  TestBase - Test Start with Data -->[User{email= 'noa@gmail.compassword='Nnoa12345$'}]
14:05:08  INFO  TestBase - ==================================================================
14:05:08  INFO  application.MyListener - Start ind element by --->By.xpath: //button[.='Sign Out']
14:05:08  INFO  application.MyListener - The element --->By.xpath: //button[.='Sign Out']was found
14:05:08  INFO  application.MyListener - Start ind element by --->By.xpath: //button[.='Sign Out']
14:05:08  INFO  application.MyListener - The element --->By.xpath: //button[.='Sign Out']was found
14:05:09  INFO  application.MyListener - Start ind element by --->By.xpath: //a[.='LOGIN']
14:05:09  INFO  application.MyListener - The element --->By.xpath: //a[.='LOGIN']was found
14:05:09  INFO  application.MyListener - Start ind element by --->By.xpath: //input[@placeholder='Email']
14:05:09  INFO  application.MyListener - The element --->By.xpath: //input[@placeholder='Email']was found
14:05:10  INFO  application.MyListener - Start ind element by --->By.xpath: //input[@placeholder='Password']
14:05:10  INFO  application.MyListener - The element --->By.xpath: //input[@placeholder='Password']was found
14:05:11  INFO  application.MyListener - Start ind element by --->By.xpath: //button[.=' Login']
14:05:12  INFO  application.MyListener - The element --->By.xpath: //button[.=' Login']was found
14:05:15  INFO  application.MyListener - Start ind element by --->By.xpath: //a[.='ADD']
14:05:15  INFO  application.MyListener - The element --->By.xpath: //a[.='ADD']was found
14:05:15  INFO  TestBase - End of method -->loginTestDP_CSV
