14:59:26  INFO  manager.AppManager - Start in browser CHROME
14:59:36  INFO  TestBase - Start method -->dataContactNotValid
14:59:36  INFO  TestBase - Test Start with Data -->[Mona, Dow ,  , dow77@gmail.com, Haifa Herzel3, university friend]
14:59:36  INFO  TestBase - ==================================================================
14:59:36  INFO  application.MyListener - Start ind element by --->By.xpath: //button[.='Sign Out']
14:59:50  INFO  application.MyListener - The element --->By.xpath: //button[.='Sign Out']was found
14:59:50  INFO  application.MyListener - Start ind element by --->By.xpath: //a[.='LOGIN']
14:59:50  INFO  application.MyListener - The element --->By.xpath: //a[.='LOGIN']was found
14:59:51  INFO  application.MyListener - Start ind element by --->By.xpath: //input[@placeholder='Email']
14:59:52  INFO  application.MyListener - The element --->By.xpath: //input[@placeholder='Email']was found
14:59:53  INFO  application.MyListener - Start ind element by --->By.xpath: //input[@placeholder='Password']
14:59:53  INFO  application.MyListener - The element --->By.xpath: //input[@placeholder='Password']was found
14:59:53  INFO  application.MyListener - Start ind element by --->By.xpath: //button[.=' Login']
14:59:53  INFO  application.MyListener - The element --->By.xpath: //button[.=' Login']was found
14:59:54  INFO  application.MyListener - Start ind element by --->By.xpath: //a[.='ADD']
14:59:57  INFO  application.MyListener - The element --->By.xpath: //a[.='ADD']was found
14:59:57  INFO  application.MyListener - Start ind element by --->By.cssSelector: [placeholder='Name']
14:59:57  INFO  application.MyListener - The element --->By.cssSelector: [placeholder='Name']was found
14:59:58  INFO  application.MyListener - Start ind element by --->By.cssSelector: [placeholder='Last Name']
14:59:58  INFO  application.MyListener - The element --->By.cssSelector: [placeholder='Last Name']was found
14:59:58  INFO  application.MyListener - Start ind element by --->By.cssSelector: [placeholder='Phone']
14:59:58  INFO  application.MyListener - The element --->By.cssSelector: [placeholder='Phone']was found
14:59:58  INFO  application.MyListener - Start ind element by --->By.cssSelector: [placeholder='email']
14:59:58  INFO  application.MyListener - The element --->By.cssSelector: [placeholder='email']was found
14:59:59  INFO  application.MyListener - Start ind element by --->By.cssSelector: [placeholder='Address']
14:59:59  INFO  application.MyListener - The element --->By.cssSelector: [placeholder='Address']was found
14:59:59  INFO  application.MyListener - Start ind element by --->By.cssSelector: [placeholder='description']
14:59:59  INFO  application.MyListener - The element --->By.cssSelector: [placeholder='description']was found
14:59:59  INFO  application.MyListener - Start ind element by --->By.xpath: //button[.='Save']
14:59:59  INFO  application.MyListener - The element --->By.xpath: //button[.='Save']was found
14:59:59  INFO  application.MyListener - Start ind element by --->By.xpath: //a[.='ADD']
15:00:00  INFO  application.MyListener - The element --->By.xpath: //a[.='ADD']was found
15:00:00  INFO  TestBase - End of method -->dataContactNotValid
