17:55:19  INFO  manager.AppManager - Start in browser CHROME
17:55:32  INFO  TestBase - Start method -->smokeTest
17:55:32  INFO  TestBase - Test Start with Data -->[]
17:55:32  INFO  TestBase - ==================================================================
17:55:32  INFO  TestBase - End of method -->smokeTest
17:55:32  INFO  TestBase - Start method -->quickTest
17:55:32  INFO  TestBase - Test Start with Data -->[]
17:55:32  INFO  TestBase - ==================================================================
17:55:32  INFO  TestBase - End of method -->quickTest
17:55:32  INFO  TestBase - Start method -->loginTestPositive
17:55:32  INFO  TestBase - Test Start with Data -->[]
17:55:32  INFO  TestBase - ==================================================================
17:55:32  INFO  application.MyListener - Start ind element by --->By.xpath: //button[.='Sign Out']
17:55:43  INFO  application.MyListener - The element --->By.xpath: //button[.='Sign Out']was found
17:55:43  INFO  application.MyListener - Start ind element by --->By.xpath: //a[.='LOGIN']
17:55:44  INFO  application.MyListener - The element --->By.xpath: //a[.='LOGIN']was found
17:55:51  INFO  application.MyListener - Start ind element by --->By.xpath: //input[@placeholder='Email']
17:55:51  INFO  application.MyListener - The element --->By.xpath: //input[@placeholder='Email']was found
17:55:55  INFO  application.MyListener - Start ind element by --->By.xpath: //input[@placeholder='Password']
17:55:55  INFO  application.MyListener - The element --->By.xpath: //input[@placeholder='Password']was found
17:55:56  INFO  application.MyListener - Start ind element by --->By.xpath: //button[.=' Login']
17:55:56  INFO  application.MyListener - The element --->By.xpath: //button[.=' Login']was found
17:55:59  INFO  application.MyListener - Start ind element by --->By.xpath: //a[.='ADD']
17:56:02  INFO  application.MyListener - The element --->By.xpath: //a[.='ADD']was found
17:56:05  INFO  TestBase - Logged with email : noa@gmail.com  and  with password: Nnoa12345$
17:56:05  INFO  TestBase - End of method -->loginTestPositive
17:56:05  INFO  TestBase - Start method -->loginTestPositiveDto
17:56:05  INFO  TestBase - Test Start with Data -->[]
17:56:05  INFO  TestBase - ==================================================================
17:56:05  INFO  application.MyListener - Start ind element by --->By.xpath: //button[.='Sign Out']
17:56:05  INFO  application.MyListener - The element --->By.xpath: //button[.='Sign Out']was found
17:56:05  INFO  application.MyListener - Start ind element by --->By.xpath: //button[.='Sign Out']
17:56:05  INFO  application.MyListener - The element --->By.xpath: //button[.='Sign Out']was found
17:56:05  INFO  application.MyListener - Start ind element by --->By.xpath: //a[.='LOGIN']
17:56:05  INFO  application.MyListener - The element --->By.xpath: //a[.='LOGIN']was found
17:56:05  INFO  application.MyListener - Start ind element by --->By.xpath: //input[@placeholder='Email']
17:56:05  INFO  application.MyListener - The element --->By.xpath: //input[@placeholder='Email']was found
17:56:06  INFO  application.MyListener - Start ind element by --->By.xpath: //input[@placeholder='Password']
17:56:06  INFO  application.MyListener - The element --->By.xpath: //input[@placeholder='Password']was found
17:56:07  INFO  application.MyListener - Start ind element by --->By.xpath: //button[.=' Login']
17:56:07  INFO  application.MyListener - The element --->By.xpath: //button[.=' Login']was found
17:56:10  INFO  application.MyListener - Start ind element by --->By.xpath: //a[.='ADD']
17:56:10  INFO  application.MyListener - The element --->By.xpath: //a[.='ADD']was found
17:56:11  INFO  TestBase - Logged with email--->noa@gmail.comand with password--->Nnoa12345$
17:56:11  INFO  TestBase - End of method -->loginTestPositiveDto
17:56:11  INFO  TestBase - Start method -->loginTestWithWrongPassword
17:56:11  INFO  TestBase - Test Start with Data -->[]
17:56:11  INFO  TestBase - ==================================================================
17:56:11  INFO  application.MyListener - Start ind element by --->By.xpath: //button[.='Sign Out']
17:56:11  INFO  application.MyListener - The element --->By.xpath: //button[.='Sign Out']was found
17:56:11  INFO  application.MyListener - Start ind element by --->By.xpath: //button[.='Sign Out']
17:56:11  INFO  application.MyListener - The element --->By.xpath: //button[.='Sign Out']was found
17:56:11  INFO  application.MyListener - Start ind element by --->By.xpath: //a[.='LOGIN']
17:56:11  INFO  application.MyListener - The element --->By.xpath: //a[.='LOGIN']was found
17:56:11  INFO  application.MyListener - Start ind element by --->By.xpath: //input[@placeholder='Email']
17:56:11  INFO  application.MyListener - The element --->By.xpath: //input[@placeholder='Email']was found
17:56:11  INFO  application.MyListener - Start ind element by --->By.xpath: //input[@placeholder='Password']
17:56:11  INFO  application.MyListener - The element --->By.xpath: //input[@placeholder='Password']was found
17:56:12  INFO  application.MyListener - Start ind element by --->By.xpath: //button[.=' Login']
17:56:12  INFO  application.MyListener - The element --->By.xpath: //button[.=' Login']was found
17:56:18  INFO  application.MyListener - Start ind element by --->By.xpath: //button[.='Sign Out']
17:56:31  INFO  application.MyListener - The element --->By.xpath: //button[.='Sign Out']was found
17:56:31  INFO  TestBase - Wrong password : Nnoa12345
17:56:31  INFO  TestBase - End of method -->loginTestWithWrongPassword
17:56:31  INFO  TestBase - Start method -->loginTestDataProvider
17:56:31  INFO  TestBase - Test Start with Data -->[noa@gmail.com, Nnoa12345$]
17:56:31  INFO  TestBase - ==================================================================
17:56:31  INFO  application.MyListener - Start ind element by --->By.xpath: //button[.='Sign Out']
17:56:41  INFO  application.MyListener - The element --->By.xpath: //button[.='Sign Out']was found
17:56:41  INFO  application.MyListener - Start ind element by --->By.xpath: //a[.='LOGIN']
17:56:41  INFO  application.MyListener - The element --->By.xpath: //a[.='LOGIN']was found
17:56:41  INFO  application.MyListener - Start ind element by --->By.xpath: //input[@placeholder='Email']
17:56:41  INFO  application.MyListener - The element --->By.xpath: //input[@placeholder='Email']was found
17:56:42  INFO  application.MyListener - Start ind element by --->By.xpath: //input[@placeholder='Password']
17:56:42  INFO  application.MyListener - The element --->By.xpath: //input[@placeholder='Password']was found
17:56:43  INFO  application.MyListener - Start ind element by --->By.xpath: //button[.=' Login']
17:56:43  INFO  application.MyListener - The element --->By.xpath: //button[.=' Login']was found
17:56:46  INFO  application.MyListener - Start ind element by --->By.xpath: //a[.='ADD']
17:56:46  INFO  application.MyListener - The element --->By.xpath: //a[.='ADD']was found
17:56:46  INFO  TestBase - Logged with email--->noa@gmail.comand with password--->Nnoa12345$
17:56:46  INFO  TestBase - End of method -->loginTestDataProvider
17:56:46  INFO  TestBase - Start method -->loginTestDataProvider
17:56:46  INFO  TestBase - Test Start with Data -->[sonya@gmail.com, Ss12345$]
17:56:46  INFO  TestBase - ==================================================================
17:56:46  INFO  application.MyListener - Start ind element by --->By.xpath: //button[.='Sign Out']
17:56:46  INFO  application.MyListener - The element --->By.xpath: //button[.='Sign Out']was found
17:56:46  INFO  application.MyListener - Start ind element by --->By.xpath: //button[.='Sign Out']
17:56:46  INFO  application.MyListener - The element --->By.xpath: //button[.='Sign Out']was found
17:56:46  INFO  application.MyListener - Start ind element by --->By.xpath: //a[.='LOGIN']
17:56:47  INFO  application.MyListener - The element --->By.xpath: //a[.='LOGIN']was found
17:56:47  INFO  application.MyListener - Start ind element by --->By.xpath: //input[@placeholder='Email']
17:56:47  INFO  application.MyListener - The element --->By.xpath: //input[@placeholder='Email']was found
17:56:49  INFO  application.MyListener - Start ind element by --->By.xpath: //input[@placeholder='Password']
17:56:49  INFO  application.MyListener - The element --->By.xpath: //input[@placeholder='Password']was found
17:56:50  INFO  application.MyListener - Start ind element by --->By.xpath: //button[.=' Login']
17:56:50  INFO  application.MyListener - The element --->By.xpath: //button[.=' Login']was found
17:56:53  INFO  application.MyListener - Start ind element by --->By.xpath: //a[.='ADD']
17:56:53  INFO  application.MyListener - The element --->By.xpath: //a[.='ADD']was found
17:56:53  INFO  TestBase - Logged with email--->sonya@gmail.comand with password--->Ss12345$
17:56:53  INFO  TestBase - End of method -->loginTestDataProvider
17:56:53  INFO  TestBase - Start method -->loginTestDataProvider
17:56:53  INFO  TestBase - Test Start with Data -->[noa@gmail.com, Nnoa12345$]
17:56:53  INFO  TestBase - ==================================================================
17:56:53  INFO  application.MyListener - Start ind element by --->By.xpath: //button[.='Sign Out']
17:56:53  INFO  application.MyListener - The element --->By.xpath: //button[.='Sign Out']was found
17:56:53  INFO  application.MyListener - Start ind element by --->By.xpath: //button[.='Sign Out']
17:56:53  INFO  application.MyListener - The element --->By.xpath: //button[.='Sign Out']was found
17:56:53  INFO  application.MyListener - Start ind element by --->By.xpath: //a[.='LOGIN']
17:56:53  INFO  application.MyListener - The element --->By.xpath: //a[.='LOGIN']was found
17:56:53  INFO  application.MyListener - Start ind element by --->By.xpath: //input[@placeholder='Email']
17:56:53  INFO  application.MyListener - The element --->By.xpath: //input[@placeholder='Email']was found
17:56:53  INFO  application.MyListener - Start ind element by --->By.xpath: //input[@placeholder='Password']
17:56:53  INFO  application.MyListener - The element --->By.xpath: //input[@placeholder='Password']was found
17:56:54  INFO  application.MyListener - Start ind element by --->By.xpath: //button[.=' Login']
17:56:54  INFO  application.MyListener - The element --->By.xpath: //button[.=' Login']was found
17:56:57  INFO  application.MyListener - Start ind element by --->By.xpath: //a[.='ADD']
17:56:57  INFO  application.MyListener - The element --->By.xpath: //a[.='ADD']was found
17:56:57  INFO  TestBase - Logged with email--->noa@gmail.comand with password--->Nnoa12345$
17:56:57  INFO  TestBase - End of method -->loginTestDataProvider
17:56:57  INFO  TestBase - Start method -->loginTestDataProviderClass
17:56:57  INFO  TestBase - Test Start with Data -->[noa@gmail.com, Nnoa12345$]
17:56:57  INFO  TestBase - ==================================================================
17:56:57  INFO  application.MyListener - Start ind element by --->By.xpath: //button[.='Sign Out']
17:56:57  INFO  application.MyListener - The element --->By.xpath: //button[.='Sign Out']was found
17:56:57  INFO  application.MyListener - Start ind element by --->By.xpath: //button[.='Sign Out']
17:56:57  INFO  application.MyListener - The element --->By.xpath: //button[.='Sign Out']was found
17:56:57  INFO  application.MyListener - Start ind element by --->By.xpath: //a[.='LOGIN']
17:56:57  INFO  application.MyListener - The element --->By.xpath: //a[.='LOGIN']was found
17:56:57  INFO  application.MyListener - Start ind element by --->By.xpath: //input[@placeholder='Email']
17:56:57  INFO  application.MyListener - The element --->By.xpath: //input[@placeholder='Email']was found
17:56:58  INFO  application.MyListener - Start ind element by --->By.xpath: //input[@placeholder='Password']
17:56:58  INFO  application.MyListener - The element --->By.xpath: //input[@placeholder='Password']was found
17:56:58  INFO  application.MyListener - Start ind element by --->By.xpath: //button[.=' Login']
17:56:58  INFO  application.MyListener - The element --->By.xpath: //button[.=' Login']was found
17:57:01  INFO  application.MyListener - Start ind element by --->By.xpath: //a[.='ADD']
17:57:01  INFO  application.MyListener - The element --->By.xpath: //a[.='ADD']was found
17:57:01  INFO  TestBase - Logged with email--->noa@gmail.comand with password--->Nnoa12345$
17:57:01  INFO  TestBase - End of method -->loginTestDataProviderClass
17:57:01  INFO  TestBase - Start method -->loginTestDataProviderClass
17:57:01  INFO  TestBase - Test Start with Data -->[sonya@gmail.com, Ss12345$]
17:57:01  INFO  TestBase - ==================================================================
17:57:01  INFO  application.MyListener - Start ind element by --->By.xpath: //button[.='Sign Out']
17:57:01  INFO  application.MyListener - The element --->By.xpath: //button[.='Sign Out']was found
17:57:01  INFO  application.MyListener - Start ind element by --->By.xpath: //button[.='Sign Out']
17:57:01  INFO  application.MyListener - The element --->By.xpath: //button[.='Sign Out']was found
17:57:01  INFO  application.MyListener - Start ind element by --->By.xpath: //a[.='LOGIN']
17:57:01  INFO  application.MyListener - The element --->By.xpath: //a[.='LOGIN']was found
17:57:01  INFO  application.MyListener - Start ind element by --->By.xpath: //input[@placeholder='Email']
17:57:01  INFO  application.MyListener - The element --->By.xpath: //input[@placeholder='Email']was found
17:57:02  INFO  application.MyListener - Start ind element by --->By.xpath: //input[@placeholder='Password']
17:57:02  INFO  application.MyListener - The element --->By.xpath: //input[@placeholder='Password']was found
17:57:02  INFO  application.MyListener - Start ind element by --->By.xpath: //button[.=' Login']
17:57:02  INFO  application.MyListener - The element --->By.xpath: //button[.=' Login']was found
17:57:05  INFO  application.MyListener - Start ind element by --->By.xpath: //a[.='ADD']
17:57:05  INFO  application.MyListener - The element --->By.xpath: //a[.='ADD']was found
17:57:05  INFO  TestBase - Logged with email--->sonya@gmail.comand with password--->Ss12345$
17:57:05  INFO  TestBase - End of method -->loginTestDataProviderClass
17:57:05  INFO  TestBase - Start method -->loginTestDataProviderClass
17:57:05  INFO  TestBase - Test Start with Data -->[noa@gmail.com, Nnoa12345$]
17:57:05  INFO  TestBase - ==================================================================
17:57:05  INFO  application.MyListener - Start ind element by --->By.xpath: //button[.='Sign Out']
17:57:05  INFO  application.MyListener - The element --->By.xpath: //button[.='Sign Out']was found
17:57:05  INFO  application.MyListener - Start ind element by --->By.xpath: //button[.='Sign Out']
17:57:05  INFO  application.MyListener - The element --->By.xpath: //button[.='Sign Out']was found
17:57:06  INFO  application.MyListener - Start ind element by --->By.xpath: //a[.='LOGIN']
17:57:06  INFO  application.MyListener - The element --->By.xpath: //a[.='LOGIN']was found
17:57:06  INFO  application.MyListener - Start ind element by --->By.xpath: //input[@placeholder='Email']
17:57:06  INFO  application.MyListener - The element --->By.xpath: //input[@placeholder='Email']was found
17:57:06  INFO  application.MyListener - Start ind element by --->By.xpath: //input[@placeholder='Password']
17:57:06  INFO  application.MyListener - The element --->By.xpath: //input[@placeholder='Password']was found
17:57:06  INFO  application.MyListener - Start ind element by --->By.xpath: //button[.=' Login']
17:57:06  INFO  application.MyListener - The element --->By.xpath: //button[.=' Login']was found
17:57:09  INFO  application.MyListener - Start ind element by --->By.xpath: //a[.='ADD']
17:57:09  INFO  application.MyListener - The element --->By.xpath: //a[.='ADD']was found
17:57:10  INFO  TestBase - Logged with email--->noa@gmail.comand with password--->Nnoa12345$
17:57:10  INFO  TestBase - End of method -->loginTestDataProviderClass
17:57:10  INFO  TestBase - Start method -->loginTestDP_CSV
17:57:10  INFO  TestBase - Test Start with Data -->[User{email= 'noa@gmail.compassword='Nnoa12345$'}]
17:57:10  INFO  TestBase - ==================================================================
17:57:10  INFO  application.MyListener - Start ind element by --->By.xpath: //button[.='Sign Out']
17:57:10  INFO  application.MyListener - The element --->By.xpath: //button[.='Sign Out']was found
17:57:10  INFO  application.MyListener - Start ind element by --->By.xpath: //button[.='Sign Out']
17:57:10  INFO  application.MyListener - The element --->By.xpath: //button[.='Sign Out']was found
17:57:10  INFO  application.MyListener - Start ind element by --->By.xpath: //a[.='LOGIN']
17:57:10  INFO  application.MyListener - The element --->By.xpath: //a[.='LOGIN']was found
17:57:11  INFO  application.MyListener - Start ind element by --->By.xpath: //input[@placeholder='Email']
17:57:11  INFO  application.MyListener - The element --->By.xpath: //input[@placeholder='Email']was found
17:57:11  INFO  application.MyListener - Start ind element by --->By.xpath: //input[@placeholder='Password']
17:57:11  INFO  application.MyListener - The element --->By.xpath: //input[@placeholder='Password']was found
17:57:12  INFO  application.MyListener - Start ind element by --->By.xpath: //button[.=' Login']
17:57:12  INFO  application.MyListener - The element --->By.xpath: //button[.=' Login']was found
17:57:15  INFO  application.MyListener - Start ind element by --->By.xpath: //a[.='ADD']
17:57:15  INFO  application.MyListener - The element --->By.xpath: //a[.='ADD']was found
17:57:15  INFO  TestBase - End of method -->loginTestDP_CSV
17:57:15  INFO  TestBase - Start method -->loginTestDP_CSV
17:57:15  INFO  TestBase - Test Start with Data -->[User{email= 'noa@gmail.compassword='Nnoa12345$'}]
17:57:15  INFO  TestBase - ==================================================================
17:57:15  INFO  application.MyListener - Start ind element by --->By.xpath: //button[.='Sign Out']
17:57:15  INFO  application.MyListener - The element --->By.xpath: //button[.='Sign Out']was found
17:57:15  INFO  application.MyListener - Start ind element by --->By.xpath: //button[.='Sign Out']
17:57:15  INFO  application.MyListener - The element --->By.xpath: //button[.='Sign Out']was found
17:57:16  INFO  application.MyListener - Start ind element by --->By.xpath: //a[.='LOGIN']
17:57:16  INFO  application.MyListener - The element --->By.xpath: //a[.='LOGIN']was found
17:57:16  INFO  application.MyListener - Start ind element by --->By.xpath: //input[@placeholder='Email']
17:57:16  INFO  application.MyListener - The element --->By.xpath: //input[@placeholder='Email']was found
17:57:16  INFO  application.MyListener - Start ind element by --->By.xpath: //input[@placeholder='Password']
17:57:16  INFO  application.MyListener - The element --->By.xpath: //input[@placeholder='Password']was found
17:57:16  INFO  application.MyListener - Start ind element by --->By.xpath: //button[.=' Login']
17:57:16  INFO  application.MyListener - The element --->By.xpath: //button[.=' Login']was found
17:57:19  INFO  application.MyListener - Start ind element by --->By.xpath: //a[.='ADD']
17:57:19  INFO  application.MyListener - The element --->By.xpath: //a[.='ADD']was found
17:57:19  INFO  TestBase - End of method -->loginTestDP_CSV
17:57:19  INFO  TestBase - Start method -->loginTestDP_CSV
17:57:19  INFO  TestBase - Test Start with Data -->[User{email= 'noa@gmail.compassword='Nnoa12345$'}]
17:57:19  INFO  TestBase - ==================================================================
17:57:19  INFO  application.MyListener - Start ind element by --->By.xpath: //button[.='Sign Out']
17:57:20  INFO  application.MyListener - The element --->By.xpath: //button[.='Sign Out']was found
17:57:20  INFO  application.MyListener - Start ind element by --->By.xpath: //button[.='Sign Out']
17:57:20  INFO  application.MyListener - The element --->By.xpath: //button[.='Sign Out']was found
17:57:20  INFO  application.MyListener - Start ind element by --->By.xpath: //a[.='LOGIN']
17:57:20  INFO  application.MyListener - The element --->By.xpath: //a[.='LOGIN']was found
17:57:20  INFO  application.MyListener - Start ind element by --->By.xpath: //input[@placeholder='Email']
17:57:20  INFO  application.MyListener - The element --->By.xpath: //input[@placeholder='Email']was found
17:57:20  INFO  application.MyListener - Start ind element by --->By.xpath: //input[@placeholder='Password']
17:57:20  INFO  application.MyListener - The element --->By.xpath: //input[@placeholder='Password']was found
17:57:20  INFO  application.MyListener - Start ind element by --->By.xpath: //button[.=' Login']
17:57:20  INFO  application.MyListener - The element --->By.xpath: //button[.=' Login']was found
17:57:24  INFO  application.MyListener - Start ind element by --->By.xpath: //a[.='ADD']
17:57:24  INFO  application.MyListener - The element --->By.xpath: //a[.='ADD']was found
17:57:24  INFO  TestBase - End of method -->loginTestDP_CSV
