15:08:13  INFO  manager.AppManager - Start in browser CHROME
15:08:30  INFO  TestBase - Start method -->dataContactNotValid
15:08:30  INFO  TestBase - Test Start with Data -->[Mona,  ,  , , ,  ]
15:08:30  INFO  TestBase - ==================================================================
15:08:30  INFO  application.MyListener - Start ind element by --->By.xpath: //button[.='Sign Out']
15:08:40  INFO  application.MyListener - The element --->By.xpath: //button[.='Sign Out']was found
15:08:40  INFO  application.MyListener - Start ind element by --->By.xpath: //a[.='LOGIN']
15:08:41  INFO  application.MyListener - The element --->By.xpath: //a[.='LOGIN']was found
15:08:41  INFO  application.MyListener - Start ind element by --->By.xpath: //input[@placeholder='Email']
15:08:41  INFO  application.MyListener - The element --->By.xpath: //input[@placeholder='Email']was found
15:08:41  INFO  application.MyListener - Start ind element by --->By.xpath: //input[@placeholder='Password']
15:08:41  INFO  application.MyListener - The element --->By.xpath: //input[@placeholder='Password']was found
15:08:41  INFO  application.MyListener - Start ind element by --->By.xpath: //button[.=' Login']
15:08:42  INFO  application.MyListener - The element --->By.xpath: //button[.=' Login']was found
15:08:43  INFO  application.MyListener - Start ind element by --->By.xpath: //a[.='ADD']
15:08:43  INFO  application.MyListener - The element --->By.xpath: //a[.='ADD']was found
15:08:43  INFO  application.MyListener - Start ind element by --->By.cssSelector: [placeholder='Name']
15:08:43  INFO  application.MyListener - The element --->By.cssSelector: [placeholder='Name']was found
15:08:43  INFO  application.MyListener - Start ind element by --->By.cssSelector: [placeholder='Last Name']
15:08:43  INFO  application.MyListener - The element --->By.cssSelector: [placeholder='Last Name']was found
15:08:43  INFO  application.MyListener - Start ind element by --->By.cssSelector: [placeholder='Phone']
15:08:43  INFO  application.MyListener - The element --->By.cssSelector: [placeholder='Phone']was found
15:08:44  INFO  application.MyListener - Start ind element by --->By.cssSelector: [placeholder='email']
15:08:44  INFO  application.MyListener - The element --->By.cssSelector: [placeholder='email']was found
15:08:44  INFO  application.MyListener - Start ind element by --->By.cssSelector: [placeholder='Address']
15:08:44  INFO  application.MyListener - The element --->By.cssSelector: [placeholder='Address']was found
15:08:44  INFO  application.MyListener - Start ind element by --->By.cssSelector: [placeholder='description']
15:08:44  INFO  application.MyListener - The element --->By.cssSelector: [placeholder='description']was found
15:08:45  INFO  application.MyListener - Start ind element by --->By.xpath: //button[.='Save']
15:08:45  INFO  application.MyListener - The element --->By.xpath: //button[.='Save']was found
15:08:45  INFO  application.MyListener - Start ind element by --->By.xpath: //h3
15:08:55  INFO  application.MyListener - The element --->By.xpath: //h3was found
15:08:55  INFO  TestBase - Test passed
15:08:55  INFO  TestBase - End of method -->dataContactNotValid
