13:48:48  INFO  manager.AppManager - Start in browser CHROME
13:48:50  INFO  TestBase - Start method -->addContactTestBase
13:48:50  INFO  TestBase - Test Start with Data -->[]
13:48:50  INFO  TestBase - ==================================================================
13:48:50  INFO  application.MyListener - Start find element by -->By.xpath: //button[.='Sign Out']
13:49:00  INFO  application.MyListener - The element -->By.xpath: //button[.='Sign Out']was found
13:49:00  INFO  application.MyListener - Start find element by -->By.xpath: //a[.='LOGIN']
13:49:00  INFO  application.MyListener - The element -->By.xpath: //a[.='LOGIN']was found
13:49:00  INFO  application.MyListener - Start find element by -->By.xpath: //input[@placeholder='Email']
13:49:00  INFO  application.MyListener - The element -->By.xpath: //input[@placeholder='Email']was found
13:49:00  INFO  application.MyListener - Start find element by -->By.xpath: //input[@placeholder='Password']
13:49:01  INFO  application.MyListener - The element -->By.xpath: //input[@placeholder='Password']was found
13:49:01  INFO  application.MyListener - Start find element by -->By.xpath: //button[.=' Login']
13:49:01  INFO  application.MyListener - The element -->By.xpath: //button[.=' Login']was found
13:49:02  INFO  application.MyListener - Start find element by -->By.xpath: //a[.='ADD']
13:49:02  INFO  application.MyListener - The element -->By.xpath: //a[.='ADD']was found
13:49:02  INFO  application.MyListener - Start find element by -->By.cssSelector: [placeholder='Name']
13:49:02  INFO  application.MyListener - The element -->By.cssSelector: [placeholder='Name']was found
13:49:02  INFO  application.MyListener - Start find element by -->By.cssSelector: [placeholder='Last Name']
13:49:03  INFO  application.MyListener - The element -->By.cssSelector: [placeholder='Last Name']was found
13:49:03  INFO  application.MyListener - Start find element by -->By.cssSelector: [placeholder='Phone']
13:49:03  INFO  application.MyListener - The element -->By.cssSelector: [placeholder='Phone']was found
13:49:03  INFO  application.MyListener - Start find element by -->By.cssSelector: [placeholder='email']
13:49:03  INFO  application.MyListener - The element -->By.cssSelector: [placeholder='email']was found
13:49:03  INFO  application.MyListener - Start find element by -->By.cssSelector: [placeholder='Address']
13:49:03  INFO  application.MyListener - The element -->By.cssSelector: [placeholder='Address']was found
13:49:04  INFO  application.MyListener - Start find element by -->By.cssSelector: [placeholder='description']
13:49:04  INFO  application.MyListener - The element -->By.cssSelector: [placeholder='description']was found
13:49:04  INFO  application.MyListener - Start find element by -->By.cssSelector: div[class='add_form__2rsm2'] button b
13:49:04  INFO  application.MyListener - The element -->By.cssSelector: div[class='add_form__2rsm2'] button bwas found
13:49:15  INFO  application.MyListener - Screen ->>src/test/screenshots/screen-2954.png
13:49:15  INFO  application.MyListener - element not interactable
  (Session info: chrome=92.0.4515.131)
Build info: version: '3.141.59', revision: 'e82be7d358', time: '2018-11-14T08:17:03'
System info: host: 'ILYA-LAPTOP', ip: '192.168.56.1', os.name: 'Windows 7', os.arch: 'amd64', os.version: '6.1', java.version: '11.0.11'
Driver info: org.openqa.selenium.chrome.ChromeDriver
Capabilities {acceptInsecureCerts: false, browserName: chrome, browserVersion: 92.0.4515.131, chrome: {chromedriverVersion: 91.0.4472.101 (af52a90bf870..., userDataDir: C:\Users\ADMINI~1.ILY\AppDa...}, goog:chromeOptions: {debuggerAddress: localhost:55538}, javascriptEnabled: true, networkConnectionEnabled: false, pageLoadStrategy: normal, platform: WINDOWS, platformName: WINDOWS, proxy: Proxy(), setWindowRect: true, strictFileInteractability: false, timeouts: {implicit: 0, pageLoad: 300000, script: 30000}, unhandledPromptBehavior: dismiss and notify, webauthn:extension:largeBlob: true, webauthn:virtualAuthenticators: true}
Session ID: 5ae1af787d5bda6aca5dfc2e593c97da
13:49:15  INFO  TestBase - End of method -->addContactTestBase
