14:18:16  INFO  TestBase - Start method -->smokeTest
14:18:16  INFO  TestBase - Test Start with Data -->[]
14:18:16  INFO  TestBase - ==================================================================
14:18:16  INFO  TestBase - End of method -->smokeTest
14:18:16  INFO  TestBase - Start method -->quickTest
14:18:16  INFO  TestBase - Test Start with Data -->[]
14:18:16  INFO  TestBase - ==================================================================
14:18:16  INFO  TestBase - End of method -->quickTest
14:18:16  INFO  TestBase - Start method -->loginTestPositive
14:18:16  INFO  TestBase - Test Start with Data -->[]
14:18:16  INFO  TestBase - ==================================================================
14:18:16  INFO  TestBase - End of method -->loginTestPositive
14:18:16  INFO  TestBase - Start method -->loginTestPositiveDto
14:18:16  INFO  TestBase - Test Start with Data -->[]
14:18:16  INFO  TestBase - ==================================================================
14:18:16  INFO  TestBase - End of method -->loginTestPositiveDto
14:18:16  INFO  TestBase - Start method -->loginTestWithWrongPassword
14:18:16  INFO  TestBase - Test Start with Data -->[]
14:18:16  INFO  TestBase - ==================================================================
14:18:16  INFO  TestBase - End of method -->loginTestWithWrongPassword
14:18:16  INFO  TestBase - Start method -->loginTestDataProvider
14:18:16  INFO  TestBase - Test Start with Data -->[noa@gmail.com, Nnoa12345$]
14:18:16  INFO  TestBase - ==================================================================
14:18:16  INFO  TestBase - End of method -->loginTestDataProvider
14:18:16  INFO  TestBase - Start method -->loginTestDataProvider
14:18:16  INFO  TestBase - Test Start with Data -->[sonya@gmail.com, Ss12345$]
14:18:16  INFO  TestBase - ==================================================================
14:18:16  INFO  TestBase - End of method -->loginTestDataProvider
14:18:16  INFO  TestBase - Start method -->loginTestDataProvider
14:18:16  INFO  TestBase - Test Start with Data -->[noa@gmail.com, Nnoa12345$]
14:18:16  INFO  TestBase - ==================================================================
14:18:16  INFO  TestBase - End of method -->loginTestDataProvider
14:18:16  INFO  TestBase - Start method -->loginTestDataProviderClass
14:18:16  INFO  TestBase - Test Start with Data -->[noa@gmail.com, Nnoa12345$]
14:18:16  INFO  TestBase - ==================================================================
14:18:16  INFO  TestBase - End of method -->loginTestDataProviderClass
14:18:16  INFO  TestBase - Start method -->loginTestDataProviderClass
14:18:16  INFO  TestBase - Test Start with Data -->[sonya@gmail.com, Ss12345$]
14:18:16  INFO  TestBase - ==================================================================
14:18:16  INFO  TestBase - End of method -->loginTestDataProviderClass
14:18:16  INFO  TestBase - Start method -->loginTestDataProviderClass
14:18:16  INFO  TestBase - Test Start with Data -->[noa@gmail.com, Nnoa12345$]
14:18:16  INFO  TestBase - ==================================================================
14:18:16  INFO  TestBase - End of method -->loginTestDataProviderClass
14:18:16  INFO  TestBase - Start method -->loginTestDP_CSV
14:18:16  INFO  TestBase - Test Start with Data -->[User{email= 'noa@gmail.compassword='Nnoa12345$'}]
14:18:16  INFO  TestBase - ==================================================================
14:18:16  INFO  TestBase - End of method -->loginTestDP_CSV
14:18:16  INFO  TestBase - Start method -->loginTestDP_CSV
14:18:16  INFO  TestBase - Test Start with Data -->[User{email= 'noa@gmail.compassword='Nnoa12345$'}]
14:18:16  INFO  TestBase - ==================================================================
14:18:16  INFO  TestBase - End of method -->loginTestDP_CSV
14:18:16  INFO  TestBase - Start method -->loginTestDP_CSV
14:18:16  INFO  TestBase - Test Start with Data -->[User{email= 'noa@gmail.compassword='Nnoa12345$'}]
14:18:16  INFO  TestBase - ==================================================================
14:18:16  INFO  TestBase - End of method -->loginTestDP_CSV
