15:15:21  INFO  manager.AppManager - Start in browser CHROME
15:15:25  INFO  TestBase - Start method -->dataContactNotValid
15:15:25  INFO  TestBase - Test Start with Data -->[Mona,  ,  , , ,  ]
15:15:25  INFO  TestBase - ==================================================================
15:15:25  INFO  application.MyListener - Start ind element by --->By.xpath: //button[.='Sign Out']
15:15:35  INFO  application.MyListener - The element --->By.xpath: //button[.='Sign Out']was found
15:15:35  INFO  application.MyListener - Start ind element by --->By.xpath: //a[.='LOGIN']
15:15:35  INFO  application.MyListener - The element --->By.xpath: //a[.='LOGIN']was found
15:15:35  INFO  application.MyListener - Start ind element by --->By.xpath: //input[@placeholder='Email']
15:15:35  INFO  application.MyListener - The element --->By.xpath: //input[@placeholder='Email']was found
15:15:36  INFO  application.MyListener - Start ind element by --->By.xpath: //input[@placeholder='Password']
15:15:36  INFO  application.MyListener - The element --->By.xpath: //input[@placeholder='Password']was found
15:15:36  INFO  application.MyListener - Start ind element by --->By.xpath: //button[.=' Login']
15:15:36  INFO  application.MyListener - The element --->By.xpath: //button[.=' Login']was found
15:15:37  INFO  application.MyListener - Start ind element by --->By.xpath: //a[.='ADD']
15:15:38  INFO  application.MyListener - The element --->By.xpath: //a[.='ADD']was found
15:15:38  INFO  application.MyListener - Start ind element by --->By.cssSelector: [placeholder='Name']
15:15:38  INFO  application.MyListener - The element --->By.cssSelector: [placeholder='Name']was found
15:15:38  INFO  application.MyListener - Start ind element by --->By.cssSelector: [placeholder='Last Name']
15:15:38  INFO  application.MyListener - The element --->By.cssSelector: [placeholder='Last Name']was found
15:15:38  INFO  application.MyListener - Start ind element by --->By.cssSelector: [placeholder='Phone']
15:15:39  INFO  application.MyListener - The element --->By.cssSelector: [placeholder='Phone']was found
15:15:39  INFO  application.MyListener - Start ind element by --->By.cssSelector: [placeholder='email']
15:15:39  INFO  application.MyListener - The element --->By.cssSelector: [placeholder='email']was found
15:15:39  INFO  application.MyListener - Start ind element by --->By.cssSelector: [placeholder='Address']
15:15:39  INFO  application.MyListener - The element --->By.cssSelector: [placeholder='Address']was found
15:15:39  INFO  application.MyListener - Start ind element by --->By.cssSelector: [placeholder='description']
15:15:39  INFO  application.MyListener - The element --->By.cssSelector: [placeholder='description']was found
15:15:40  INFO  application.MyListener - Start ind element by --->By.xpath: //button[.='Save']
15:15:40  INFO  application.MyListener - The element --->By.xpath: //button[.='Save']was found
15:15:40  INFO  application.MyListener - Start ind element by --->By.xpath: //h3
15:15:50  INFO  application.MyListener - The element --->By.xpath: //h3was found
15:15:50  INFO  TestBase - Test passed
15:15:50  INFO  TestBase - End of method -->dataContactNotValid
15:15:50  INFO  TestBase - Start method -->dataContactNotValid
15:15:50  INFO  TestBase - Test Start with Data -->[Mona, Dow, 9817776500,  , , ]
15:15:50  INFO  TestBase - ==================================================================
15:15:50  INFO  application.MyListener - Start ind element by --->By.xpath: //button[.='Sign Out']
15:15:50  INFO  application.MyListener - The element --->By.xpath: //button[.='Sign Out']was found
15:15:50  INFO  application.MyListener - Start ind element by --->By.xpath: //a[.='ADD']
15:15:50  INFO  application.MyListener - The element --->By.xpath: //a[.='ADD']was found
15:15:50  INFO  application.MyListener - Start ind element by --->By.cssSelector: [placeholder='Name']
15:15:50  INFO  application.MyListener - The element --->By.cssSelector: [placeholder='Name']was found
15:15:50  INFO  application.MyListener - Start ind element by --->By.cssSelector: [placeholder='Last Name']
15:15:50  INFO  application.MyListener - The element --->By.cssSelector: [placeholder='Last Name']was found
15:15:51  INFO  application.MyListener - Start ind element by --->By.cssSelector: [placeholder='Phone']
15:15:51  INFO  application.MyListener - The element --->By.cssSelector: [placeholder='Phone']was found
15:15:51  INFO  application.MyListener - Start ind element by --->By.cssSelector: [placeholder='email']
15:15:51  INFO  application.MyListener - The element --->By.cssSelector: [placeholder='email']was found
15:15:51  INFO  application.MyListener - Start ind element by --->By.cssSelector: [placeholder='Address']
15:15:51  INFO  application.MyListener - The element --->By.cssSelector: [placeholder='Address']was found
15:15:51  INFO  application.MyListener - Start ind element by --->By.cssSelector: [placeholder='description']
15:15:51  INFO  application.MyListener - The element --->By.cssSelector: [placeholder='description']was found
15:15:51  INFO  application.MyListener - Start ind element by --->By.xpath: //button[.='Save']
15:15:51  INFO  application.MyListener - The element --->By.xpath: //button[.='Save']was found
15:15:51  INFO  application.MyListener - Start ind element by --->By.xpath: //h3
15:16:01  INFO  application.MyListener - The element --->By.xpath: //h3was found
15:16:01  INFO  TestBase - Test passed
15:16:01  INFO  TestBase - End of method -->dataContactNotValid
15:16:01  INFO  TestBase - Start method -->dataContactNotValid
15:16:01  INFO  TestBase - Test Start with Data -->[Mona , Dow, 9827776500, dow79@gmail.com, ,  ]
15:16:01  INFO  TestBase - ==================================================================
15:16:01  INFO  application.MyListener - Start ind element by --->By.xpath: //button[.='Sign Out']
15:16:01  INFO  application.MyListener - The element --->By.xpath: //button[.='Sign Out']was found
15:16:01  INFO  application.MyListener - Start ind element by --->By.xpath: //a[.='ADD']
15:16:01  INFO  application.MyListener - The element --->By.xpath: //a[.='ADD']was found
15:16:02  INFO  application.MyListener - Start ind element by --->By.cssSelector: [placeholder='Name']
15:16:02  INFO  application.MyListener - The element --->By.cssSelector: [placeholder='Name']was found
15:16:02  INFO  application.MyListener - Start ind element by --->By.cssSelector: [placeholder='Last Name']
15:16:02  INFO  application.MyListener - The element --->By.cssSelector: [placeholder='Last Name']was found
15:16:02  INFO  application.MyListener - Start ind element by --->By.cssSelector: [placeholder='Phone']
15:16:02  INFO  application.MyListener - The element --->By.cssSelector: [placeholder='Phone']was found
15:16:02  INFO  application.MyListener - Start ind element by --->By.cssSelector: [placeholder='email']
15:16:02  INFO  application.MyListener - The element --->By.cssSelector: [placeholder='email']was found
15:16:03  INFO  application.MyListener - Start ind element by --->By.cssSelector: [placeholder='Address']
15:16:03  INFO  application.MyListener - The element --->By.cssSelector: [placeholder='Address']was found
15:16:03  INFO  application.MyListener - Start ind element by --->By.cssSelector: [placeholder='description']
15:16:03  INFO  application.MyListener - The element --->By.cssSelector: [placeholder='description']was found
15:16:03  INFO  application.MyListener - Start ind element by --->By.xpath: //button[.='Save']
15:16:03  INFO  application.MyListener - The element --->By.xpath: //button[.='Save']was found
15:16:03  INFO  application.MyListener - Start ind element by --->By.xpath: //h3
15:16:13  INFO  application.MyListener - The element --->By.xpath: //h3was found
15:16:13  INFO  TestBase - Test passed
15:16:13  INFO  TestBase - End of method -->dataContactNotValid
