13:53:58  INFO  manager.AppManager - Start in browser CHROME
13:54:02  INFO  TestBase - Start method -->addContactTestBase
13:54:02  INFO  TestBase - Test Start with Data -->[]
13:54:02  INFO  TestBase - ==================================================================
13:54:02  INFO  application.MyListener - Start ind element by --->By.xpath: //button[.='Sign Out']
13:54:12  INFO  application.MyListener - The element --->By.xpath: //button[.='Sign Out']was found
13:54:12  INFO  application.MyListener - Start ind element by --->By.xpath: //a[.='LOGIN']
13:54:12  INFO  application.MyListener - The element --->By.xpath: //a[.='LOGIN']was found
13:54:12  INFO  application.MyListener - Start ind element by --->By.xpath: //input[@placeholder='Email']
13:54:12  INFO  application.MyListener - The element --->By.xpath: //input[@placeholder='Email']was found
13:54:13  INFO  application.MyListener - Start ind element by --->By.xpath: //input[@placeholder='Password']
13:54:13  INFO  application.MyListener - The element --->By.xpath: //input[@placeholder='Password']was found
13:54:13  INFO  application.MyListener - Start ind element by --->By.xpath: //button[.=' Login']
13:54:13  INFO  application.MyListener - The element --->By.xpath: //button[.=' Login']was found
13:54:14  INFO  application.MyListener - Start ind element by --->By.xpath: //a[.='ADD']
13:54:15  INFO  application.MyListener - The element --->By.xpath: //a[.='ADD']was found
13:54:15  INFO  application.MyListener - Start ind element by --->By.cssSelector: [placeholder='Name']
13:54:15  INFO  application.MyListener - The element --->By.cssSelector: [placeholder='Name']was found
13:54:15  INFO  application.MyListener - Start ind element by --->By.cssSelector: [placeholder='Last Name']
13:54:16  INFO  application.MyListener - The element --->By.cssSelector: [placeholder='Last Name']was found
13:54:17  INFO  application.MyListener - Start ind element by --->By.cssSelector: [placeholder='Phone']
13:54:17  INFO  application.MyListener - The element --->By.cssSelector: [placeholder='Phone']was found
13:54:17  INFO  application.MyListener - Start ind element by --->By.cssSelector: [placeholder='email']
13:54:17  INFO  application.MyListener - The element --->By.cssSelector: [placeholder='email']was found
13:54:18  INFO  application.MyListener - Start ind element by --->By.cssSelector: [placeholder='Address']
13:54:18  INFO  application.MyListener - The element --->By.cssSelector: [placeholder='Address']was found
13:54:18  INFO  application.MyListener - Start ind element by --->By.cssSelector: [placeholder='description']
13:54:18  INFO  application.MyListener - The element --->By.cssSelector: [placeholder='description']was found
13:54:19  INFO  application.MyListener - Start ind element by --->By.xpath: //button[.='Save']
13:54:19  INFO  application.MyListener - The element --->By.xpath: //button[.='Save']was found
13:54:19  INFO  application.MyListener - Start ind element by --->By.xpath: //h3
13:54:20  INFO  application.MyListener - The element --->By.xpath: //h3was found
13:54:20  INFO  TestBase - End of method -->addContactTestBase
