13:29:07  INFO  manager.AppManager - Start in browser CHROME
13:29:09  INFO  TestBase - Start method -->addContactTestBase
13:29:09  INFO  TestBase - Test Start with Data -->[]
13:29:09  INFO  TestBase - ==================================================================
13:29:09  INFO  application.MyListener - Start find element by -->By.xpath: //button[.='Sign Out']
13:29:19  INFO  application.MyListener - The element -->By.xpath: //button[.='Sign Out']was found
13:29:19  INFO  application.MyListener - Start find element by -->By.xpath: //a[.='LOGIN']
13:29:19  INFO  application.MyListener - The element -->By.xpath: //a[.='LOGIN']was found
13:29:19  INFO  application.MyListener - Start find element by -->By.xpath: //input[@placeholder='Email']
13:29:19  INFO  application.MyListener - The element -->By.xpath: //input[@placeholder='Email']was found
13:29:20  INFO  application.MyListener - Start find element by -->By.xpath: //input[@placeholder='Password']
13:29:20  INFO  application.MyListener - The element -->By.xpath: //input[@placeholder='Password']was found
13:29:20  INFO  application.MyListener - Start find element by -->By.xpath: //button[.=' Login']
13:29:20  INFO  application.MyListener - The element -->By.xpath: //button[.=' Login']was found
13:29:21  INFO  application.MyListener - Start find element by -->By.xpath: //a[.='ADD']
13:29:21  INFO  application.MyListener - The element -->By.xpath: //a[.='ADD']was found
13:29:21  INFO  application.MyListener - Start find element by -->By.cssSelector: [placeholder='Name']
13:29:22  INFO  application.MyListener - The element -->By.cssSelector: [placeholder='Name']was found
13:29:22  INFO  application.MyListener - Start find element by -->By.cssSelector: [placeholder='Last Name']
13:29:22  INFO  application.MyListener - The element -->By.cssSelector: [placeholder='Last Name']was found
13:29:22  INFO  application.MyListener - Start find element by -->By.cssSelector: [placeholder='Phone']
13:29:22  INFO  application.MyListener - The element -->By.cssSelector: [placeholder='Phone']was found
13:29:22  INFO  application.MyListener - Start find element by -->By.cssSelector: [placeholder='email']
13:29:22  INFO  application.MyListener - The element -->By.cssSelector: [placeholder='email']was found
13:29:23  INFO  application.MyListener - Start find element by -->By.cssSelector: [placeholder='Address']
13:29:23  INFO  application.MyListener - The element -->By.cssSelector: [placeholder='Address']was found
13:29:23  INFO  application.MyListener - Start find element by -->By.cssSelector: [placeholder='description']
13:29:23  INFO  application.MyListener - The element -->By.cssSelector: [placeholder='description']was found
13:29:23  INFO  application.MyListener - Start find element by -->By.xpath: //button/b
13:29:23  INFO  application.MyListener - The element -->By.xpath: //button/bwas found
13:29:34  INFO  application.MyListener - Screen ->>src/test/screenshots/screen-1773.png
13:29:34  INFO  application.MyListener - element not interactable
  (Session info: chrome=92.0.4515.131)
Build info: version: '3.141.59', revision: 'e82be7d358', time: '2018-11-14T08:17:03'
System info: host: 'ILYA-LAPTOP', ip: '192.168.56.1', os.name: 'Windows 7', os.arch: 'amd64', os.version: '6.1', java.version: '11.0.11'
Driver info: org.openqa.selenium.chrome.ChromeDriver
Capabilities {acceptInsecureCerts: false, browserName: chrome, browserVersion: 92.0.4515.131, chrome: {chromedriverVersion: 91.0.4472.101 (af52a90bf870..., userDataDir: C:\Users\ADMINI~1.ILY\AppDa...}, goog:chromeOptions: {debuggerAddress: localhost:63888}, javascriptEnabled: true, networkConnectionEnabled: false, pageLoadStrategy: normal, platform: WINDOWS, platformName: WINDOWS, proxy: Proxy(), setWindowRect: true, strictFileInteractability: false, timeouts: {implicit: 0, pageLoad: 300000, script: 30000}, unhandledPromptBehavior: dismiss and notify, webauthn:extension:largeBlob: true, webauthn:virtualAuthenticators: true}
Session ID: 8bd04c3ff7a2580ea1d977e6bd3eebef
13:29:34  INFO  TestBase - End of method -->addContactTestBase
13:29:34  INFO  TestBase - Start method -->addContactTestDataProvider
13:29:34  INFO  TestBase - Test Start with Data -->[Mona, Dow, 9877776500, dow77@gmail.co, Haifa Herzel3, university friend]
13:29:34  INFO  TestBase - ==================================================================
13:29:34  INFO  application.MyListener - Start find element by -->By.xpath: //button[.='Sign Out']
13:29:34  INFO  application.MyListener - The element -->By.xpath: //button[.='Sign Out']was found
13:29:34  INFO  application.MyListener - Start find element by -->By.xpath: //a[.='ADD']
13:29:34  INFO  application.MyListener - The element -->By.xpath: //a[.='ADD']was found
13:29:35  INFO  application.MyListener - Start find element by -->By.cssSelector: [placeholder='Name']
13:29:35  INFO  application.MyListener - The element -->By.cssSelector: [placeholder='Name']was found
13:29:35  INFO  application.MyListener - Start find element by -->By.cssSelector: [placeholder='Last Name']
13:29:35  INFO  application.MyListener - The element -->By.cssSelector: [placeholder='Last Name']was found
13:29:36  INFO  application.MyListener - Start find element by -->By.cssSelector: [placeholder='Phone']
13:29:36  INFO  application.MyListener - The element -->By.cssSelector: [placeholder='Phone']was found
13:29:36  INFO  application.MyListener - Start find element by -->By.cssSelector: [placeholder='email']
13:29:36  INFO  application.MyListener - The element -->By.cssSelector: [placeholder='email']was found
13:29:36  INFO  application.MyListener - Start find element by -->By.cssSelector: [placeholder='Address']
13:29:37  INFO  application.MyListener - The element -->By.cssSelector: [placeholder='Address']was found
13:29:37  INFO  application.MyListener - Start find element by -->By.cssSelector: [placeholder='description']
13:29:37  INFO  application.MyListener - The element -->By.cssSelector: [placeholder='description']was found
13:29:37  INFO  application.MyListener - Start find element by -->By.xpath: //button/b
13:29:37  INFO  application.MyListener - The element -->By.xpath: //button/bwas found
13:29:48  INFO  application.MyListener - Screen ->>src/test/screenshots/screen-1787.png
13:29:48  INFO  application.MyListener - element not interactable
  (Session info: chrome=92.0.4515.131)
Build info: version: '3.141.59', revision: 'e82be7d358', time: '2018-11-14T08:17:03'
System info: host: 'ILYA-LAPTOP', ip: '192.168.56.1', os.name: 'Windows 7', os.arch: 'amd64', os.version: '6.1', java.version: '11.0.11'
Driver info: org.openqa.selenium.chrome.ChromeDriver
Capabilities {acceptInsecureCerts: false, browserName: chrome, browserVersion: 92.0.4515.131, chrome: {chromedriverVersion: 91.0.4472.101 (af52a90bf870..., userDataDir: C:\Users\ADMINI~1.ILY\AppDa...}, goog:chromeOptions: {debuggerAddress: localhost:63888}, javascriptEnabled: true, networkConnectionEnabled: false, pageLoadStrategy: normal, platform: WINDOWS, platformName: WINDOWS, proxy: Proxy(), setWindowRect: true, strictFileInteractability: false, timeouts: {implicit: 0, pageLoad: 300000, script: 30000}, unhandledPromptBehavior: dismiss and notify, webauthn:extension:largeBlob: true, webauthn:virtualAuthenticators: true}
Session ID: 8bd04c3ff7a2580ea1d977e6bd3eebef
13:29:48  INFO  TestBase - End of method -->addContactTestDataProvider
13:29:48  INFO  TestBase - Start method -->addContactTestDataProvider
13:29:48  INFO  TestBase - Test Start with Data -->[Mona, Dow, 9817776500, dow78@gmail.co, Haifa Herzel3, university friend]
13:29:48  INFO  TestBase - ==================================================================
13:29:48  INFO  application.MyListener - Start find element by -->By.xpath: //button[.='Sign Out']
13:29:49  INFO  application.MyListener - The element -->By.xpath: //button[.='Sign Out']was found
13:29:49  INFO  application.MyListener - Start find element by -->By.xpath: //a[.='ADD']
13:29:49  INFO  application.MyListener - The element -->By.xpath: //a[.='ADD']was found
13:29:49  INFO  application.MyListener - Start find element by -->By.cssSelector: [placeholder='Name']
13:29:50  INFO  application.MyListener - The element -->By.cssSelector: [placeholder='Name']was found
13:29:50  INFO  application.MyListener - Start find element by -->By.cssSelector: [placeholder='Last Name']
13:29:51  INFO  application.MyListener - The element -->By.cssSelector: [placeholder='Last Name']was found
13:29:52  INFO  application.MyListener - Start find element by -->By.cssSelector: [placeholder='Phone']
13:29:52  INFO  application.MyListener - The element -->By.cssSelector: [placeholder='Phone']was found
13:29:52  INFO  application.MyListener - Start find element by -->By.cssSelector: [placeholder='email']
13:29:52  INFO  application.MyListener - The element -->By.cssSelector: [placeholder='email']was found
13:29:52  INFO  application.MyListener - Start find element by -->By.cssSelector: [placeholder='Address']
13:29:52  INFO  application.MyListener - The element -->By.cssSelector: [placeholder='Address']was found
13:29:52  INFO  application.MyListener - Start find element by -->By.cssSelector: [placeholder='description']
13:29:52  INFO  application.MyListener - The element -->By.cssSelector: [placeholder='description']was found
13:29:53  INFO  application.MyListener - Start find element by -->By.xpath: //button/b
13:29:53  INFO  application.MyListener - The element -->By.xpath: //button/bwas found
13:30:04  INFO  application.MyListener - Screen ->>src/test/screenshots/screen-1803.png
13:30:04  INFO  application.MyListener - element not interactable
  (Session info: chrome=92.0.4515.131)
Build info: version: '3.141.59', revision: 'e82be7d358', time: '2018-11-14T08:17:03'
System info: host: 'ILYA-LAPTOP', ip: '192.168.56.1', os.name: 'Windows 7', os.arch: 'amd64', os.version: '6.1', java.version: '11.0.11'
Driver info: org.openqa.selenium.chrome.ChromeDriver
Capabilities {acceptInsecureCerts: false, browserName: chrome, browserVersion: 92.0.4515.131, chrome: {chromedriverVersion: 91.0.4472.101 (af52a90bf870..., userDataDir: C:\Users\ADMINI~1.ILY\AppDa...}, goog:chromeOptions: {debuggerAddress: localhost:63888}, javascriptEnabled: true, networkConnectionEnabled: false, pageLoadStrategy: normal, platform: WINDOWS, platformName: WINDOWS, proxy: Proxy(), setWindowRect: true, strictFileInteractability: false, timeouts: {implicit: 0, pageLoad: 300000, script: 30000}, unhandledPromptBehavior: dismiss and notify, webauthn:extension:largeBlob: true, webauthn:virtualAuthenticators: true}
Session ID: 8bd04c3ff7a2580ea1d977e6bd3eebef
13:30:04  INFO  TestBase - End of method -->addContactTestDataProvider
13:30:04  INFO  TestBase - Start method -->addContactTestDataProvider
13:30:04  INFO  TestBase - Test Start with Data -->[Mona, Dow, 9827776500, dow79@gmail.co, Haifa Herzel3, university friend]
13:30:04  INFO  TestBase - ==================================================================
13:30:04  INFO  application.MyListener - Start find element by -->By.xpath: //button[.='Sign Out']
13:30:04  INFO  application.MyListener - The element -->By.xpath: //button[.='Sign Out']was found
13:30:04  INFO  application.MyListener - Start find element by -->By.xpath: //a[.='ADD']
13:30:04  INFO  application.MyListener - The element -->By.xpath: //a[.='ADD']was found
13:30:04  INFO  application.MyListener - Start find element by -->By.cssSelector: [placeholder='Name']
13:30:04  INFO  application.MyListener - The element -->By.cssSelector: [placeholder='Name']was found
13:30:04  INFO  application.MyListener - Start find element by -->By.cssSelector: [placeholder='Last Name']
13:30:04  INFO  application.MyListener - The element -->By.cssSelector: [placeholder='Last Name']was found
13:30:04  INFO  application.MyListener - Start find element by -->By.cssSelector: [placeholder='Phone']
13:30:04  INFO  application.MyListener - The element -->By.cssSelector: [placeholder='Phone']was found
13:30:05  INFO  application.MyListener - Start find element by -->By.cssSelector: [placeholder='email']
13:30:05  INFO  application.MyListener - The element -->By.cssSelector: [placeholder='email']was found
13:30:05  INFO  application.MyListener - Start find element by -->By.cssSelector: [placeholder='Address']
13:30:05  INFO  application.MyListener - The element -->By.cssSelector: [placeholder='Address']was found
13:30:05  INFO  application.MyListener - Start find element by -->By.cssSelector: [placeholder='description']
13:30:05  INFO  application.MyListener - The element -->By.cssSelector: [placeholder='description']was found
13:30:05  INFO  application.MyListener - Start find element by -->By.xpath: //button/b
13:30:05  INFO  application.MyListener - The element -->By.xpath: //button/bwas found
13:30:16  INFO  application.MyListener - Screen ->>src/test/screenshots/screen-1815.png
13:30:16  INFO  application.MyListener - element not interactable
  (Session info: chrome=92.0.4515.131)
Build info: version: '3.141.59', revision: 'e82be7d358', time: '2018-11-14T08:17:03'
System info: host: 'ILYA-LAPTOP', ip: '192.168.56.1', os.name: 'Windows 7', os.arch: 'amd64', os.version: '6.1', java.version: '11.0.11'
Driver info: org.openqa.selenium.chrome.ChromeDriver
Capabilities {acceptInsecureCerts: false, browserName: chrome, browserVersion: 92.0.4515.131, chrome: {chromedriverVersion: 91.0.4472.101 (af52a90bf870..., userDataDir: C:\Users\ADMINI~1.ILY\AppDa...}, goog:chromeOptions: {debuggerAddress: localhost:63888}, javascriptEnabled: true, networkConnectionEnabled: false, pageLoadStrategy: normal, platform: WINDOWS, platformName: WINDOWS, proxy: Proxy(), setWindowRect: true, strictFileInteractability: false, timeouts: {implicit: 0, pageLoad: 300000, script: 30000}, unhandledPromptBehavior: dismiss and notify, webauthn:extension:largeBlob: true, webauthn:virtualAuthenticators: true}
Session ID: 8bd04c3ff7a2580ea1d977e6bd3eebef
13:30:16  INFO  TestBase - End of method -->addContactTestDataProvider
